Command: report datapath > reports/generic/aes_cipher_top_datapath.rpt
============================================================
  Generated by:           Genus(TM) Synthesis Solution 17.21-s010_1
  Generated on:           Dec 30 2023  01:16:47 pm
  Module:                 aes_cipher_top
  Operating conditions:   slow 
  Interconnect mode:      global
  Area mode:              physical library
============================================================


Inferred components

               Operator Signedness Inputs Outputs CellArea 
===========================================================
aes_cipher_top
 dec_sub_319_32
  
  module:decrement_unsigned_2
   very_fast  decrement unsigned   4x1    4          23.35 
-----------------------------------------------------------
   sub_319_32     -     unsigned   4x1    4                
===========================================================

      Type        CellArea Percentage 
--------------------------------------
datapath modules     23.35       0.01 
external muxes        0.00       0.00 
others           410360.17      99.99 
--------------------------------------
total            410383.52     100.00 

