============================================================
  Generated by:           Genus(TM) Synthesis Solution 17.21-s010_1
  Generated on:           Dec 30 2023  01:21:18 pm
  Module:                 aes_cipher_top
  Operating conditions:   slow 
  Interconnect mode:      global
  Area mode:              physical library
============================================================

                                   Leakage     Internal   
   Gate    Instances     Area    Power (nW)   Power (nW)     Library   
-----------------------------------------------------------------------
AND2X1          1632    2790.720     91.366     41071.258    gpdk045bc 
AND3XL           401     822.852     26.281     13081.030    gpdk045bc 
AND4XL          2512    6013.728    212.912    162113.926    gpdk045bc 
AO21X1          1299    3109.806     97.100     16117.875    gpdk045bc 
AO22XL             1       2.736      0.065         4.740    gpdk045bc 
AOI211XL        5586   11462.472    316.464    102982.729    gpdk045bc 
AOI21XL         4637    7929.270    191.137     41242.732    gpdk045bc 
AOI2BB1X1        182     373.464     15.673      4828.631    gpdk045bc 
BUFX2             19      32.490      1.620     17217.865    gpdk045bc 
DFFQXL           933    5105.376    173.002   1246774.962    gpdk045bc 
INVX1           9405    6433.020    312.340    185093.254    gpdk045bc 
INVX16            10      54.720      5.342      1378.814    gpdk045bc 
INVX2            535     548.910     35.550     30541.629    gpdk045bc 
INVXL             18      12.312      0.344      2816.017    gpdk045bc 
MXI2XL             3       7.182      0.198      1484.572    gpdk045bc 
NAND2BX1        1388    1898.784    117.720    270708.654    gpdk045bc 
NAND2BX2         598    1227.096     90.216     99640.333    gpdk045bc 
NAND2X1        19358   19861.308   1277.899    390159.229    gpdk045bc 
NAND2X2         1123    1920.330    148.334    105743.242    gpdk045bc 
NAND3BX1         199     408.348     23.312     36623.982    gpdk045bc 
NAND3BXL        2521    4310.910    190.797    122826.444    gpdk045bc 
NAND3X1          178     304.380     17.498      3883.012    gpdk045bc 
NAND3XL           61     104.310      3.470      5755.172    gpdk045bc 
NAND4BBXL        890    2739.420    100.549      6048.186    gpdk045bc 
NAND4BX1        2790    6679.260    415.624    114754.116    gpdk045bc 
NAND4BXL         290     694.260     27.295     53414.526    gpdk045bc 
NAND4X1         3728    7649.856    485.028    217562.264    gpdk045bc 
NAND4XL          603    1237.356     45.429    129651.356    gpdk045bc 
NOR2BX1          574     981.540     38.942     52995.975    gpdk045bc 
NOR2BX2          151     413.136     17.583      7956.838    gpdk045bc 
NOR2BXL           40      68.400      1.848       669.438    gpdk045bc 
NOR2X1           397     543.096     19.292     24577.590    gpdk045bc 
NOR2X2          2127    4364.604    206.715    284856.365    gpdk045bc 
NOR2XL         17847   18311.022    481.833    204566.785    gpdk045bc 
NOR3BX1          974    1998.648     80.911     38761.282    gpdk045bc 
NOR3BX2          144     492.480     21.165     32816.446    gpdk045bc 
NOR3BXL          219     449.388     11.824     55577.544    gpdk045bc 
NOR3X1           511     873.810     32.625     26232.769    gpdk045bc 
NOR3X2           144     393.984     18.387     19188.428    gpdk045bc 
NOR3XL           114     194.940      3.967     18030.491    gpdk045bc 
NOR4BBX1         732    2253.096     85.973     13392.188    gpdk045bc 
NOR4BX1          410    1261.980     40.319      5858.445    gpdk045bc 
NOR4BXL           40     123.120      2.470      1362.725    gpdk045bc 
NOR4X1           509    1218.546     40.254     15241.252    gpdk045bc 
NOR4XL          5098   10461.096    216.945    354336.433    gpdk045bc 
OA21X1          2551    6107.094    179.970     47715.521    gpdk045bc 
OAI211X1        2433    4992.516    276.192     25805.258    gpdk045bc 
OAI211XL         623    1278.396     40.279     56239.745    gpdk045bc 
OAI21XL         2971    5080.410    136.434     29060.300    gpdk045bc 
OAI2BB1X1        221     453.492     19.587      3578.032    gpdk045bc 
OR2X1            230     393.300     16.309      1785.600    gpdk045bc 
OR2XL             19      32.490      1.079        19.211    gpdk045bc 
OR3X1              1       2.052      0.090        46.611    gpdk045bc 
OR4X1            717    1716.498     77.834     74693.832    gpdk045bc 
SDFFQX1          608    4574.592    148.879   1438734.337    gpdk045bc 
XNOR2X1         2851    8775.378    357.701   1727490.943    gpdk045bc 
XOR2X1          4245   13066.110    534.157   3442632.865    gpdk045bc 
-----------------------------------------------------------------------
total         108401  184609.890   7532.128  11427743.797              


                                             Leakage  Leakage   Internal   Internal 
     Type      Instances    Area    Area % Power (nW) Power %  Power (nW)   Power % 
------------------------------------------------------------------------------------
sequential          1541   9679.968    5.2    321.881     4.3  2685509.298     23.5 
inverter            9968   7048.962    3.8    353.576     4.7   219829.713      1.9 
buffer                19     32.490    0.0      1.620     0.0    17217.865      0.2 
logic              96873 167848.470   90.9   6855.051    91.0  8505186.921     74.4 
physical_cells         0      0.000    0.0      0.000     0.0        0.000      0.0 
------------------------------------------------------------------------------------
total             108401 184609.890  100.0   7532.128   100.0 11427743.797    100.0 

