============================================================
  Generated by:           Genus(TM) Synthesis Solution 17.21-s010_1
  Generated on:           Dec 30 2023  01:21:03 pm
  Module:                 aes_cipher_top
  Operating conditions:   slow 
  Interconnect mode:      global
  Area mode:              physical library
============================================================


Summary
-------
-----------------------------------------------------------------------
            Category            Number   %   Average Toggle Saving %   
-----------------------------------------------------------------------
 RC Clock Gating Instances           0    0            0.00            
 Non-RC Clock Gating Instances       0    0            0.00            
-----------------------------------------------------------------------
 RC Gated Flip-flops                 0    0            0.00            
 Non-RC Gated Flip-flops             0    0            0.00            
-----------------------------------------------------------------------
 Total Ungated Flip-flops         1541  100              -             
 Enable not found                 1541  100              -             
-----------------------------------------------------------------------
 Total Flip-flops                 1541  100              -             
-----------------------------------------------------------------------

