============================================================
  Generated by:           Genus(TM) Synthesis Solution 17.21-s010_1
  Generated on:           Dec 30 2023  01:21:02 pm
  Module:                 aes_cipher_top
  Operating conditions:   slow 
  Interconnect mode:      global
  Area mode:              physical library
============================================================


Path 1: MET (41046 ps) Setup Check with Pin text_out_stage3_reg[89]/CK->D
          Group: C2C
     Startpoint: (R) text_out_stage2_reg[94]/CK
          Clock: (R) clk
       Endpoint: (R) text_out_stage3_reg[89]/D
          Clock: (R) clk

                     Capture       Launch     
        Clock Edge:+   50000            0     
       Src Latency:+       0            0     
       Net Latency:+       0 (I)        0 (I) 
           Arrival:=   50000            0     
                                              
             Setup:-     128                  
     Required Time:=   49872                  
      Launch Clock:-       0                  
         Data Path:-    8826                  
             Slack:=   41046                  

#---------------------------------------------------------------------------------------------------------------
#       Timing Point         Flags   Arc   Edge   Cell        Power    Fanout Load Trans Delay Arrival Instance 
#                                                             Domain          (fF)  (ps)  (ps)   (ps)  Location 
#---------------------------------------------------------------------------------------------------------------
  text_out_stage2_reg[94]/CK -       -     R     (arrival)  pd_SOC_TOP   1541    -     0     -       0    (-,-) 
  text_out_stage2_reg[94]/Q  -       CK->Q F     DFFQXL     pd_SOC_TOP      6 17.9   542   499     499    (-,-) 
  us01_round3/g4618/Y        -       B->Y  R     NAND2X1    pd_SOC_TOP      2  6.9   200   260     759    (-,-) 
  us01_round3/g4609/Y        -       B->Y  F     NOR2XL     pd_SOC_TOP      2  6.9   230   191     950    (-,-) 
  us01_round3/g4585/Y        -       B->Y  F     AND2X1     pd_SOC_TOP      9 25.8   436   340    1291    (-,-) 
  us01_round3/g4571/Y        -       A->Y  R     INVX1      pd_SOC_TOP      8 22.1   364   326    1617    (-,-) 
  us01_round3/g4524/Y        -       A->Y  F     NOR2XL     pd_SOC_TOP      2  6.9   249   258    1875    (-,-) 
  us01_round3/g4311/Y        -       B0->Y R     AOI211XL   pd_SOC_TOP      2  7.2   632   420    2296    (-,-) 
  us01_round3/g4216/Y        -       C->Y  F     NAND3BXL   pd_SOC_TOP      2  7.1   730   559    2854    (-,-) 
  us01_round3/g4201/Y        -       C0->Y R     AOI211XL   pd_SOC_TOP      2  7.4   647   538    3393    (-,-) 
  us01_round3/g4176/Y        -       C->Y  F     NAND3X1    pd_SOC_TOP      2  6.9   450   411    3804    (-,-) 
  us01_round3/g4171/Y        -       AN->Y F     NAND2BX1   pd_SOC_TOP      1  4.4   211   267    4071    (-,-) 
  us01_round3/g4169/Y        -       B0->Y R     AOI211XL   pd_SOC_TOP      1  4.6   436   306    4377    (-,-) 
  us01_round3/g2/Y           -       B->Y  F     NAND4BX1   pd_SOC_TOP      1  4.4   427   358    4736    (-,-) 
  us01_round3/g4150/Y        -       B->Y  R     NOR4XL     pd_SOC_TOP      1  4.7   625   457    5193    (-,-) 
  us01_round3/g4636/Y        -       D->Y  F     NAND4BX1   pd_SOC_TOP      1  4.4   399   385    5578    (-,-) 
  us01_round3/g4132/Y        -       D->Y  R     NOR4XL     pd_SOC_TOP      1  4.5   603   401    5978    (-,-) 
  us01_round3/g4644/Y        -       D->Y  F     NAND4BBXL  pd_SOC_TOP      1  4.4   708   520    6499    (-,-) 
  us01_round3/g4116/Y        -       D->Y  R     NOR4XL     pd_SOC_TOP      1  4.4   666   480    6979    (-,-) 
  us01_round3/g4115/Y        -       D->Y  R     AND4XL     pd_SOC_TOP      6 18.8   516   657    7636    (-,-) 
  g117101/Y                  -       B->Y  F     XNOR2X1    pd_SOC_TOP      3 10.2   192   378    8014    (-,-) 
  g115866/Y                  -       A->Y  R     INVX1      pd_SOC_TOP      2  7.5   135   132    8146    (-,-) 
  g114542/Y                  -       B->Y  F     MXI2XL     pd_SOC_TOP      1  5.0   345   242    8388    (-,-) 
  g113613/Y                  -       B->Y  R     XOR2X1     pd_SOC_TOP      1  5.0   103   257    8645    (-,-) 
  g111941/Y                  -       B->Y  R     XOR2X1     pd_SOC_TOP      1  4.5    96   181    8826    (-,-) 
  text_out_stage3_reg[89]/D  -       -     R     DFFQXL     pd_SOC_TOP      1    -     -     0    8826    (-,-) 
#---------------------------------------------------------------------------------------------------------------

