============================================================
  Generated by:           Genus(TM) Synthesis Solution 17.21-s010_1
  Generated on:           Dec 30 2023  01:21:24 pm
  Module:                 aes_cipher_top
  Operating conditions:   slow 
  Interconnect mode:      global
  Area mode:              physical library
============================================================

Timing
--------

Clock  Period 
--------------
clk   50000.0 


  Cost    Critical         Violating 
 Group   Path Slack  TNS     Paths   
-------------------------------------
C2C         41045.8   0.0          0 
C2O        No paths   0.0            
clk        No paths   0.0            
default    No paths   0.0            
I2C        No paths   0.0            
I2O        No paths   0.0            
-------------------------------------
Total                 0.0          0 

Instance Count
--------------
Leaf Instance Count             108401 
Physical Instance count              0 
Sequential Instance Count         1541 
Combinational Instance Count    106860 
Hierarchical Instance Count        201 

Area
----
Cell Area                          184609.890
Physical Cell Area                 0.000
Total Cell Area (Cell+Physical)    184609.890
Net Area                           123938.960
Total Area (Cell+Physical+Net)     308548.850

Runtime                            57.11122200000001 seconds
Elapsed Runtime                    540 seconds
Genus peak memory usage            1183.04 
Innovus peak memory usage          no_value 
Hostname                           cadenceserver.rvce.in
