

Working Directory = /home/vlsi1/pdTraining/synthesis
QoS Summary for aes_cipher_top
==========================================================================================
Metric                          generic         map             syn_opt         final          
==========================================================================================
Slack (ps):                    46,195          41,046          41,046          41,046
  R2R (ps):                    46,195          41,046          41,046          41,046
  I2R (ps):                  no_value        no_value        no_value        no_value
  R2O (ps):                  no_value        no_value        no_value        no_value
  I2O (ps):                  no_value        no_value        no_value        no_value
  CG  (ps):                  no_value        no_value        no_value        no_value
TNS (ps):                           0               0               0               0
  R2R (ps):                         0               0               0               0
  I2R (ps):                  no_value        no_value        no_value        no_value
  R2O (ps):                  no_value        no_value        no_value        no_value
  I2O (ps):                  no_value        no_value        no_value        no_value
  CG  (ps):                  no_value        no_value        no_value        no_value
Failing Paths:                      0               0               0               0
Cell Area:                    410,467         184,555         184,610         184,610
Total Cell Area:              410,467         184,555         184,610         184,610
Leaf Instances:               122,756         108,391         108,401         108,401
Total Instances:              122,756         108,391         108,401         108,401
Utilization (%):                 0.00            0.00            0.00            0.00
Tot. Net Length (um):        no_value        no_value        no_value        no_value
Avg. Net Length (um):        no_value        no_value        no_value        no_value
Route Overflow H (%):        no_value        no_value        no_value        no_value
Route Overflow V (%):        no_value        no_value        no_value        no_value
MBCI(%) (bits/gate) :            0.00            0.00            0.00            0.00
Norm Cong Hotspot Area:
  Max Cong:                  no_value        no_value        no_value        no_value
  Tot Cong:                  no_value        no_value        no_value        no_value
==========================================================================================
CPU  Runtime (h:m:s):        00:03:32        00:02:28        00:00:31        00:00:24
Real Runtime (h:m:s):        00:04:16        00:03:21        00:00:37        00:00:30
CPU  Elapsed (h:m:s):        00:03:38        00:06:06        00:06:37        00:07:01
Real Elapsed (h:m:s):        00:04:18        00:07:39        00:08:16        00:08:46
Memory (MB):                  1184.22         1187.04         1183.04         1183.04
==========================================================================================
==========================================================================================
Flow Settings:
==========================================================================================
Total Runtime (h:m:s): 00:08:55
Total Memory (MB):     1183.04
Executable Version:    17.21-s010_1
==========================================================================================
Total Cell Area =  Cell Area + Physical Cell Area
Total Instances =  Leaf Instances + Physical Instances


