============================================================
  Generated by:           Genus(TM) Synthesis Solution 17.21-s010_1
  Generated on:           Dec 30 2023  01:16:53 pm
  Module:                 aes_cipher_top
  Operating conditions:   slow 
  Interconnect mode:      global
  Area mode:              physical library
============================================================

    Instance            Module         Cell Count  Cell Area  Net Area   Total Area 
------------------------------------------------------------------------------------
aes_cipher_top                             122756 410383.522    83.666   410467.188 
  u0             aes_key_expand_128         25547  82608.019     0.000    82608.019 
    u39          aes_sbox_2175                489   1678.519     0.000     1678.519 
    u38          aes_sbox_2176                489   1678.519     0.000     1678.519 
    u37          aes_sbox_2177                489   1678.519     0.000     1678.519 
    u36          aes_sbox_2178                489   1678.519     0.000     1678.519 
    u35          aes_sbox_2179                489   1678.519     0.000     1678.519 
    u34          aes_sbox_2180                489   1678.519     0.000     1678.519 
    u33          aes_sbox_2181                489   1678.519     0.000     1678.519 
    u32          aes_sbox_2182                489   1678.519     0.000     1678.519 
    u31          aes_sbox_2183                489   1678.519     0.000     1678.519 
    u30          aes_sbox_2184                489   1678.519     0.000     1678.519 
    u29          aes_sbox_2185                489   1678.519     0.000     1678.519 
    u28          aes_sbox_2186                489   1678.519     0.000     1678.519 
    u27          aes_sbox_2187                489   1678.519     0.000     1678.519 
    u26          aes_sbox_2188                489   1678.519     0.000     1678.519 
    u25          aes_sbox_2189                489   1678.519     0.000     1678.519 
    u24          aes_sbox_2190                489   1678.519     0.000     1678.519 
    u23          aes_sbox_2191                489   1678.519     0.000     1678.519 
    u22          aes_sbox_2192                489   1678.519     0.000     1678.519 
    u21          aes_sbox_2193                489   1678.519     0.000     1678.519 
    u20          aes_sbox_2194                489   1678.519     0.000     1678.519 
    u19          aes_sbox_2195                489   1678.519     0.000     1678.519 
    u18          aes_sbox_2196                489   1678.519     0.000     1678.519 
    u17          aes_sbox_2197                489   1678.519     0.000     1678.519 
    u16          aes_sbox_2198                489   1678.519     0.000     1678.519 
    u15          aes_sbox_2199                489   1678.519     0.000     1678.519 
    u14          aes_sbox_2200                489   1678.519     0.000     1678.519 
    u13          aes_sbox_2201                489   1678.519     0.000     1678.519 
    u12          aes_sbox_2202                489   1678.519     0.000     1678.519 
    u11          aes_sbox_2203                489   1678.519     0.000     1678.519 
    u10          aes_sbox_2204                489   1678.519     0.000     1678.519 
    u9           aes_sbox_2205                489   1678.519     0.000     1678.519 
    u8           aes_sbox_2206                489   1678.519     0.000     1678.519 
    u7           aes_sbox_2207                489   1678.519     0.000     1678.519 
    u6           aes_sbox_2208                489   1678.519     0.000     1678.519 
    u5           aes_sbox_2209                489   1678.519     0.000     1678.519 
    u4           aes_sbox_2210                489   1678.519     0.000     1678.519 
    u3           aes_sbox_2211                489   1678.519     0.000     1678.519 
    u2           aes_sbox_2212                489   1678.519     0.000     1678.519 
    u1           aes_sbox_2213                489   1678.519     0.000     1678.519 
    u0           aes_sbox                     489   1678.519     0.000     1678.519 
  us33_round10   aes_sbox_2015                489   1678.519     0.000     1678.519 
  us33_round9    aes_sbox_2015                489   1678.519     0.000     1678.519 
  us33_round8    aes_sbox_2015                489   1678.519     0.000     1678.519 
  us33_round7    aes_sbox_2015                489   1678.519     0.000     1678.519 
  us33_round6    aes_sbox_2015                489   1678.519     0.000     1678.519 
  us33_round5    aes_sbox_2015                489   1678.519     0.000     1678.519 
  us33_round4    aes_sbox_2015                489   1678.519     0.000     1678.519 
  us33_round3    aes_sbox_2015                489   1678.519     0.000     1678.519 
  us33_round2    aes_sbox_2015                489   1678.519     0.000     1678.519 
  us33           aes_sbox_2015                489   1678.519     0.000     1678.519 
  us32_round10   aes_sbox_2015                489   1678.519     0.000     1678.519 
  us32_round9    aes_sbox_2015                489   1678.519     0.000     1678.519 
  us32_round8    aes_sbox_2015                489   1678.519     0.000     1678.519 
  us32_round7    aes_sbox_2015                489   1678.519     0.000     1678.519 
  us32_round6    aes_sbox_2015                489   1678.519     0.000     1678.519 
  us32_round5    aes_sbox_2015                489   1678.519     0.000     1678.519 
  us32_round4    aes_sbox_2015                489   1678.519     0.000     1678.519 
  us32_round3    aes_sbox_2015                489   1678.519     0.000     1678.519 
  us32_round2    aes_sbox_2015                489   1678.519     0.000     1678.519 
  us32           aes_sbox_2015                489   1678.519     0.000     1678.519 
  us31_round10   aes_sbox_2015                489   1678.519     0.000     1678.519 
  us31_round9    aes_sbox_2015                489   1678.519     0.000     1678.519 
  us31_round8    aes_sbox_2015                489   1678.519     0.000     1678.519 
  us31_round7    aes_sbox_2015                489   1678.519     0.000     1678.519 
  us31_round6    aes_sbox_2015                489   1678.519     0.000     1678.519 
  us31_round5    aes_sbox_2015                489   1678.519     0.000     1678.519 
  us31_round4    aes_sbox_2015                489   1678.519     0.000     1678.519 
  us31_round3    aes_sbox_2015                489   1678.519     0.000     1678.519 
  us31_round2    aes_sbox_2015                489   1678.519     0.000     1678.519 
  us31           aes_sbox_2015                489   1678.519     0.000     1678.519 
  us30_round10   aes_sbox_2015                489   1678.519     0.000     1678.519 
  us30_round9    aes_sbox_2015                489   1678.519     0.000     1678.519 
  us30_round8    aes_sbox_2015                489   1678.519     0.000     1678.519 
  us30_round7    aes_sbox_2015                489   1678.519     0.000     1678.519 
  us30_round6    aes_sbox_2015                489   1678.519     0.000     1678.519 
  us30_round5    aes_sbox_2015                489   1678.519     0.000     1678.519 
  us30_round4    aes_sbox_2015                489   1678.519     0.000     1678.519 
  us30_round3    aes_sbox_2015                489   1678.519     0.000     1678.519 
  us30_round2    aes_sbox_2015                489   1678.519     0.000     1678.519 
  us30           aes_sbox_2015                489   1678.519     0.000     1678.519 
  us23_round10   aes_sbox_2015                489   1678.519     0.000     1678.519 
  us23_round9    aes_sbox_2015                489   1678.519     0.000     1678.519 
  us23_round8    aes_sbox_2015                489   1678.519     0.000     1678.519 
  us23_round7    aes_sbox_2015                489   1678.519     0.000     1678.519 
  us23_round6    aes_sbox_2015                489   1678.519     0.000     1678.519 
  us23_round5    aes_sbox_2015                489   1678.519     0.000     1678.519 
  us23_round4    aes_sbox_2015                489   1678.519     0.000     1678.519 
  us23_round3    aes_sbox_2015                489   1678.519     0.000     1678.519 
  us23_round2    aes_sbox_2015                489   1678.519     0.000     1678.519 
  us23           aes_sbox_2015                489   1678.519     0.000     1678.519 
  us22_round10   aes_sbox_2015                489   1678.519     0.000     1678.519 
  us22_round9    aes_sbox_2015                489   1678.519     0.000     1678.519 
  us22_round8    aes_sbox_2015                489   1678.519     0.000     1678.519 
  us22_round7    aes_sbox_2015                489   1678.519     0.000     1678.519 
  us22_round6    aes_sbox_2015                489   1678.519     0.000     1678.519 
  us22_round5    aes_sbox_2015                489   1678.519     0.000     1678.519 
  us22_round4    aes_sbox_2015                489   1678.519     0.000     1678.519 
  us22_round3    aes_sbox_2015                489   1678.519     0.000     1678.519 
  us22_round2    aes_sbox_2015                489   1678.519     0.000     1678.519 
  us22           aes_sbox_2015                489   1678.519     0.000     1678.519 
  us21_round10   aes_sbox_2015                489   1678.519     0.000     1678.519 
  us21_round9    aes_sbox_2015                489   1678.519     0.000     1678.519 
  us21_round8    aes_sbox_2015                489   1678.519     0.000     1678.519 
  us21_round7    aes_sbox_2015                489   1678.519     0.000     1678.519 
  us21_round6    aes_sbox_2015                489   1678.519     0.000     1678.519 
  us21_round5    aes_sbox_2015                489   1678.519     0.000     1678.519 
  us21_round4    aes_sbox_2015                489   1678.519     0.000     1678.519 
  us21_round3    aes_sbox_2015                489   1678.519     0.000     1678.519 
  us21_round2    aes_sbox_2015                489   1678.519     0.000     1678.519 
  us21           aes_sbox_2015                489   1678.519     0.000     1678.519 
  us20_round10   aes_sbox_2015                489   1678.519     0.000     1678.519 
  us20_round9    aes_sbox_2015                489   1678.519     0.000     1678.519 
  us20_round8    aes_sbox_2015                489   1678.519     0.000     1678.519 
  us20_round7    aes_sbox_2015                489   1678.519     0.000     1678.519 
  us20_round6    aes_sbox_2015                489   1678.519     0.000     1678.519 
  us20_round5    aes_sbox_2015                489   1678.519     0.000     1678.519 
  us20_round4    aes_sbox_2015                489   1678.519     0.000     1678.519 
  us20_round3    aes_sbox_2015                489   1678.519     0.000     1678.519 
  us20_round2    aes_sbox_2015                489   1678.519     0.000     1678.519 
  us20           aes_sbox_2015                489   1678.519     0.000     1678.519 
  us13_round10   aes_sbox_2015                489   1678.519     0.000     1678.519 
  us13_round9    aes_sbox_2015                489   1678.519     0.000     1678.519 
  us13_round8    aes_sbox_2015                489   1678.519     0.000     1678.519 
  us13_round7    aes_sbox_2015                489   1678.519     0.000     1678.519 
  us13_round6    aes_sbox_2015                489   1678.519     0.000     1678.519 
  us13_round5    aes_sbox_2015                489   1678.519     0.000     1678.519 
  us13_round4    aes_sbox_2015                489   1678.519     0.000     1678.519 
  us13_round3    aes_sbox_2015                489   1678.519     0.000     1678.519 
  us13_round2    aes_sbox_2015                489   1678.519     0.000     1678.519 
  us13           aes_sbox_2015                489   1678.519     0.000     1678.519 
  us12_round10   aes_sbox_2015                489   1678.519     0.000     1678.519 
  us12_round9    aes_sbox_2015                489   1678.519     0.000     1678.519 
  us12_round8    aes_sbox_2015                489   1678.519     0.000     1678.519 
  us12_round7    aes_sbox_2015                489   1678.519     0.000     1678.519 
  us12_round6    aes_sbox_2015                489   1678.519     0.000     1678.519 
  us12_round5    aes_sbox_2015                489   1678.519     0.000     1678.519 
  us12_round4    aes_sbox_2015                489   1678.519     0.000     1678.519 
  us12_round3    aes_sbox_2015                489   1678.519     0.000     1678.519 
  us12_round2    aes_sbox_2015                489   1678.519     0.000     1678.519 
  us12           aes_sbox_2015                489   1678.519     0.000     1678.519 
  us11_round10   aes_sbox_2015                489   1678.519     0.000     1678.519 
  us11_round9    aes_sbox_2015                489   1678.519     0.000     1678.519 
  us11_round8    aes_sbox_2015                489   1678.519     0.000     1678.519 
  us11_round7    aes_sbox_2015                489   1678.519     0.000     1678.519 
  us11_round6    aes_sbox_2015                489   1678.519     0.000     1678.519 
  us11_round5    aes_sbox_2015                489   1678.519     0.000     1678.519 
  us11_round4    aes_sbox_2015                489   1678.519     0.000     1678.519 
  us11_round3    aes_sbox_2015                489   1678.519     0.000     1678.519 
  us11_round2    aes_sbox_2015                489   1678.519     0.000     1678.519 
  us11           aes_sbox_2015                489   1678.519     0.000     1678.519 
  us10_round10   aes_sbox_2015                489   1678.519     0.000     1678.519 
  us10_round9    aes_sbox_2015                489   1678.519     0.000     1678.519 
  us10_round8    aes_sbox_2015                489   1678.519     0.000     1678.519 
  us10_round7    aes_sbox_2015                489   1678.519     0.000     1678.519 
  us10_round6    aes_sbox_2015                489   1678.519     0.000     1678.519 
  us10_round5    aes_sbox_2015                489   1678.519     0.000     1678.519 
  us10_round4    aes_sbox_2015                489   1678.519     0.000     1678.519 
  us10_round3    aes_sbox_2015                489   1678.519     0.000     1678.519 
  us10_round2    aes_sbox_2015                489   1678.519     0.000     1678.519 
  us10           aes_sbox_2015                489   1678.519     0.000     1678.519 
  us03_round10   aes_sbox_2015                489   1678.519     0.000     1678.519 
  us03_round9    aes_sbox_2015                489   1678.519     0.000     1678.519 
  us03_round8    aes_sbox_2015                489   1678.519     0.000     1678.519 
  us03_round7    aes_sbox_2015                489   1678.519     0.000     1678.519 
  us03_round6    aes_sbox_2015                489   1678.519     0.000     1678.519 
  us03_round5    aes_sbox_2015                489   1678.519     0.000     1678.519 
  us03_round4    aes_sbox_2015                489   1678.519     0.000     1678.519 
  us03_round3    aes_sbox_2015                489   1678.519     0.000     1678.519 
  us03_round2    aes_sbox_2015                489   1678.519     0.000     1678.519 
  us03           aes_sbox_2015                489   1678.519     0.000     1678.519 
  us02_round10   aes_sbox_2015                489   1678.519     0.000     1678.519 
  us02_round9    aes_sbox_2015                489   1678.519     0.000     1678.519 
  us02_round8    aes_sbox_2015                489   1678.519     0.000     1678.519 
  us02_round7    aes_sbox_2015                489   1678.519     0.000     1678.519 
  us02_round6    aes_sbox_2015                489   1678.519     0.000     1678.519 
  us02_round5    aes_sbox_2015                489   1678.519     0.000     1678.519 
  us02_round4    aes_sbox_2015                489   1678.519     0.000     1678.519 
  us02_round3    aes_sbox_2015                489   1678.519     0.000     1678.519 
  us02_round2    aes_sbox_2015                489   1678.519     0.000     1678.519 
  us02           aes_sbox_2015                489   1678.519     0.000     1678.519 
  us01_round10   aes_sbox_2015                489   1678.519     0.000     1678.519 
  us01_round9    aes_sbox_2015                489   1678.519     0.000     1678.519 
  us01_round8    aes_sbox_2015                489   1678.519     0.000     1678.519 
  us01_round7    aes_sbox_2015                489   1678.519     0.000     1678.519 
  us01_round6    aes_sbox_2015                489   1678.519     0.000     1678.519 
  us01_round5    aes_sbox_2015                489   1678.519     0.000     1678.519 
  us01_round4    aes_sbox_2015                489   1678.519     0.000     1678.519 
  us01_round3    aes_sbox_2015                489   1678.519     0.000     1678.519 
  us01_round2    aes_sbox_2015                489   1678.519     0.000     1678.519 
  us01           aes_sbox_2015                489   1678.519     0.000     1678.519 
  us00_round10   aes_sbox_2015                489   1678.519     0.000     1678.519 
  us00_round9    aes_sbox_2015                489   1678.519     0.000     1678.519 
  us00_round8    aes_sbox_2015                489   1678.519     0.000     1678.519 
  us00_round7    aes_sbox_2015                489   1678.519     0.000     1678.519 
  us00_round6    aes_sbox_2015                489   1678.519     0.000     1678.519 
  us00_round5    aes_sbox_2015                489   1678.519     0.000     1678.519 
  us00_round4    aes_sbox_2015                489   1678.519     0.000     1678.519 
  us00_round3    aes_sbox_2015                489   1678.519     0.000     1678.519 
  us00_round2    aes_sbox_2015                489   1678.519     0.000     1678.519 
  us00           aes_sbox_2015                489   1678.519     0.000     1678.519 
  dec_sub_319_32 decrement_unsigned_2           9     23.349     0.000       23.349 
