============================================================
  Generated by:           Genus(TM) Synthesis Solution 17.21-s010_1
  Generated on:           Dec 30 2023  01:16:53 pm
  Module:                 aes_cipher_top
  Operating conditions:   slow 
  Interconnect mode:      global
  Area mode:              physical library
============================================================

Timing
--------

Clock  Period 
--------------
clk   50000.0 


  Cost    Critical         Violating 
 Group   Path Slack  TNS     Paths   
-------------------------------------
C2C         46195.4   0.0          0 
C2O        No paths   0.0            
clk        No paths   0.0            
default    No paths   0.0            
I2C        No paths   0.0            
I2O        No paths   0.0            
-------------------------------------
Total                 0.0          0 

Instance Count
--------------
Leaf Instance Count             122756 
Physical Instance count              0 
Sequential Instance Count         1541 
Combinational Instance Count    121215 
Hierarchical Instance Count        202 

Area
----
Cell Area                          410383.522
Physical Cell Area                 0.000
Total Cell Area (Cell+Physical)    410383.522
Net Area                           83.666
Total Area (Cell+Physical+Net)     410467.188

Runtime                            19.319001 seconds
Elapsed Runtime                    270 seconds
Genus peak memory usage            1184.22 
Innovus peak memory usage          no_value 
Hostname                           cadenceserver.rvce.in
