============================================================
  Generated by:           Genus(TM) Synthesis Solution 17.21-s010_1
  Generated on:           Dec 30 2023  01:20:54 pm
  Module:                 aes_cipher_top
  Operating conditions:   slow 
  Interconnect mode:      global
  Area mode:              physical library
============================================================

   Instance          Module        Cell Count  Cell Area   Net Area   Total Area 
---------------------------------------------------------------------------------
aes_cipher_top                         108401 184609.890 123938.960   308548.850 
  u0           aes_key_expand_128       21845  35934.282  23162.173    59096.455 
    u26        aes_sbox_2188              504    765.738    562.149     1327.887 
    u35        aes_sbox_2179              505    762.660    562.797     1325.457 
    u31        aes_sbox_2183              505    762.660    562.797     1325.457 
    u29        aes_sbox_2185              505    762.660    562.797     1325.457 
    u28        aes_sbox_2186              505    762.660    562.797     1325.457 
    u24        aes_sbox_2190              505    762.660    562.797     1325.457 
    u15        aes_sbox_2199              505    762.660    562.797     1325.457 
    u9         aes_sbox_2205              505    762.660    562.797     1325.457 
    u8         aes_sbox_2206              505    762.660    562.797     1325.457 
    u11        aes_sbox_2203              505    761.634    562.481     1324.115 
    u27        aes_sbox_2187              503    761.976    561.500     1323.476 
    u38        aes_sbox_2176              500    762.660    559.238     1321.898 
    u6         aes_sbox_2208              500    761.976    559.554     1321.530 
    u5         aes_sbox_2209              500    761.976    559.554     1321.530 
    u1         aes_sbox_2213              501    760.950    559.887     1320.837 
    u0         aes_sbox                   501    760.950    559.887     1320.837 
    u3         aes_sbox_2211              499    762.318    558.274     1320.592 
    u37        aes_sbox_2177              501    760.608    559.887     1320.495 
    u34        aes_sbox_2180              501    760.608    559.887     1320.495 
    u33        aes_sbox_2181              501    760.608    559.887     1320.495 
    u25        aes_sbox_2189              501    760.608    559.887     1320.495 
    u21        aes_sbox_2193              501    760.608    559.887     1320.495 
    u20        aes_sbox_2194              501    760.608    559.887     1320.495 
    u18        aes_sbox_2196              501    760.608    559.887     1320.495 
    u17        aes_sbox_2197              501    760.608    559.887     1320.495 
    u32        aes_sbox_2182              501    760.608    559.887     1320.495 
    u19        aes_sbox_2195              501    760.608    559.887     1320.495 
    u12        aes_sbox_2202              501    760.608    559.887     1320.495 
    u39        aes_sbox_2175              500    760.950    559.238     1320.188 
    u22        aes_sbox_2192              500    760.950    559.238     1320.188 
    u10        aes_sbox_2204              500    760.950    559.238     1320.188 
    u2         aes_sbox_2212              499    761.292    558.590     1319.882 
    u14        aes_sbox_2200              500    759.924    559.238     1319.162 
    u30        aes_sbox_2184              499    760.608    558.274     1318.882 
    u36        aes_sbox_2178              498    759.924    557.625     1317.549 
    u16        aes_sbox_2198              498    759.582    557.625     1317.207 
    u13        aes_sbox_2201              498    759.582    557.625     1317.207 
    u23        aes_sbox_2191              499    758.214    558.590     1316.804 
    u7         aes_sbox_2207              495    758.556    555.679     1314.235 
    u4         aes_sbox_2210              495    758.556    555.679     1314.235 
  us33_round9  aes_sbox_2031              495    763.686    557.259     1320.945 
  us33_round8  aes_sbox_2047              495    763.686    557.259     1320.945 
  us33_round7  aes_sbox_2063              495    763.686    557.259     1320.945 
  us33_round6  aes_sbox_2079              495    763.686    557.259     1320.945 
  us33_round5  aes_sbox_2095              495    763.686    557.259     1320.945 
  us33_round4  aes_sbox_2111              495    763.686    557.259     1320.945 
  us33_round3  aes_sbox_2127              495    763.686    557.259     1320.945 
  us33_round2  aes_sbox_2143              495    763.686    557.259     1320.945 
  us33         aes_sbox_2159              495    763.686    557.259     1320.945 
  us32_round9  aes_sbox_2032              495    763.686    557.259     1320.945 
  us32_round8  aes_sbox_2048              495    763.686    557.259     1320.945 
  us32_round7  aes_sbox_2064              495    763.686    557.259     1320.945 
  us32_round6  aes_sbox_2080              495    763.686    557.259     1320.945 
  us32_round5  aes_sbox_2096              495    763.686    557.259     1320.945 
  us32_round4  aes_sbox_2112              495    763.686    557.259     1320.945 
  us32_round3  aes_sbox_2128              495    763.686    557.259     1320.945 
  us32_round2  aes_sbox_2144              495    763.686    557.259     1320.945 
  us32         aes_sbox_2160              495    763.686    557.259     1320.945 
  us31_round9  aes_sbox_2033              495    763.686    557.259     1320.945 
  us31_round8  aes_sbox_2049              495    763.686    557.259     1320.945 
  us31_round7  aes_sbox_2065              495    763.686    557.259     1320.945 
  us31_round6  aes_sbox_2081              495    763.686    557.259     1320.945 
  us31_round5  aes_sbox_2097              495    763.686    557.259     1320.945 
  us31_round4  aes_sbox_2113              495    763.686    557.259     1320.945 
  us31_round3  aes_sbox_2129              495    763.686    557.259     1320.945 
  us31_round2  aes_sbox_2145              495    763.686    557.259     1320.945 
  us31         aes_sbox_2161              495    763.686    557.259     1320.945 
  us30_round9  aes_sbox_2034              495    763.686    557.259     1320.945 
  us30_round8  aes_sbox_2050              495    763.686    557.259     1320.945 
  us30_round7  aes_sbox_2066              495    763.686    557.259     1320.945 
  us30_round6  aes_sbox_2082              495    763.686    557.259     1320.945 
  us30_round5  aes_sbox_2098              495    763.686    557.259     1320.945 
  us30_round4  aes_sbox_2114              495    763.686    557.259     1320.945 
  us30_round3  aes_sbox_2130              495    763.686    557.259     1320.945 
  us30_round2  aes_sbox_2146              495    763.686    557.259     1320.945 
  us30         aes_sbox_2162              495    763.686    557.259     1320.945 
  us23_round9  aes_sbox_2035              495    763.686    557.259     1320.945 
  us23_round8  aes_sbox_2051              495    763.686    557.259     1320.945 
  us23_round7  aes_sbox_2067              495    763.686    557.259     1320.945 
  us23_round6  aes_sbox_2083              495    763.686    557.259     1320.945 
  us23_round5  aes_sbox_2099              495    763.686    557.259     1320.945 
  us23_round4  aes_sbox_2115              495    763.686    557.259     1320.945 
  us23_round3  aes_sbox_2131              495    763.686    557.259     1320.945 
  us23_round2  aes_sbox_2147              495    763.686    557.259     1320.945 
  us23         aes_sbox_2163              495    763.686    557.259     1320.945 
  us22_round9  aes_sbox_2036              495    763.686    557.259     1320.945 
  us22_round8  aes_sbox_2052              495    763.686    557.259     1320.945 
  us22_round7  aes_sbox_2068              495    763.686    557.259     1320.945 
  us22_round6  aes_sbox_2084              495    763.686    557.259     1320.945 
  us22_round5  aes_sbox_2100              495    763.686    557.259     1320.945 
  us22_round4  aes_sbox_2116              495    763.686    557.259     1320.945 
  us22_round3  aes_sbox_2132              495    763.686    557.259     1320.945 
  us22_round2  aes_sbox_2148              495    763.686    557.259     1320.945 
  us22         aes_sbox_2164              495    763.686    557.259     1320.945 
  us21_round9  aes_sbox_2037              495    763.686    557.259     1320.945 
  us21_round8  aes_sbox_2053              495    763.686    557.259     1320.945 
  us21_round7  aes_sbox_2069              495    763.686    557.259     1320.945 
  us21_round6  aes_sbox_2085              495    763.686    557.259     1320.945 
  us21_round5  aes_sbox_2101              495    763.686    557.259     1320.945 
  us21_round4  aes_sbox_2117              495    763.686    557.259     1320.945 
  us21_round3  aes_sbox_2133              495    763.686    557.259     1320.945 
  us21_round2  aes_sbox_2149              495    763.686    557.259     1320.945 
  us21         aes_sbox_2165              495    763.686    557.259     1320.945 
  us20_round9  aes_sbox_2038              495    763.686    557.259     1320.945 
  us20_round8  aes_sbox_2054              495    763.686    557.259     1320.945 
  us20_round7  aes_sbox_2070              495    763.686    557.259     1320.945 
  us20_round6  aes_sbox_2086              495    763.686    557.259     1320.945 
  us20_round5  aes_sbox_2102              495    763.686    557.259     1320.945 
  us20_round4  aes_sbox_2118              495    763.686    557.259     1320.945 
  us20_round3  aes_sbox_2134              495    763.686    557.259     1320.945 
  us20_round2  aes_sbox_2150              495    763.686    557.259     1320.945 
  us20         aes_sbox_2166              495    763.686    557.259     1320.945 
  us13_round9  aes_sbox_2039              495    763.686    557.259     1320.945 
  us13_round8  aes_sbox_2055              495    763.686    557.259     1320.945 
  us13_round7  aes_sbox_2071              495    763.686    557.259     1320.945 
  us13_round6  aes_sbox_2087              495    763.686    557.259     1320.945 
  us13_round5  aes_sbox_2103              495    763.686    557.259     1320.945 
  us13_round4  aes_sbox_2119              495    763.686    557.259     1320.945 
  us13_round3  aes_sbox_2135              495    763.686    557.259     1320.945 
  us13_round2  aes_sbox_2151              495    763.686    557.259     1320.945 
  us13         aes_sbox_2167              495    763.686    557.259     1320.945 
  us12_round9  aes_sbox_2040              495    763.686    557.259     1320.945 
  us12_round8  aes_sbox_2056              495    763.686    557.259     1320.945 
  us12_round7  aes_sbox_2072              495    763.686    557.259     1320.945 
  us12_round6  aes_sbox_2088              495    763.686    557.259     1320.945 
  us12_round5  aes_sbox_2104              495    763.686    557.259     1320.945 
  us12_round4  aes_sbox_2120              495    763.686    557.259     1320.945 
  us12_round3  aes_sbox_2136              495    763.686    557.259     1320.945 
  us12_round2  aes_sbox_2152              495    763.686    557.259     1320.945 
  us12         aes_sbox_2168              495    763.686    557.259     1320.945 
  us11_round9  aes_sbox_2041              495    763.686    557.259     1320.945 
  us11_round8  aes_sbox_2057              495    763.686    557.259     1320.945 
  us11_round7  aes_sbox_2073              495    763.686    557.259     1320.945 
  us11_round6  aes_sbox_2089              495    763.686    557.259     1320.945 
  us11_round5  aes_sbox_2105              495    763.686    557.259     1320.945 
  us11_round4  aes_sbox_2121              495    763.686    557.259     1320.945 
  us11_round3  aes_sbox_2137              495    763.686    557.259     1320.945 
  us11_round2  aes_sbox_2153              495    763.686    557.259     1320.945 
  us11         aes_sbox_2169              495    763.686    557.259     1320.945 
  us10_round9  aes_sbox_2042              495    763.686    557.259     1320.945 
  us10_round8  aes_sbox_2058              495    763.686    557.259     1320.945 
  us10_round7  aes_sbox_2074              495    763.686    557.259     1320.945 
  us10_round6  aes_sbox_2090              495    763.686    557.259     1320.945 
  us10_round5  aes_sbox_2106              495    763.686    557.259     1320.945 
  us10_round4  aes_sbox_2122              495    763.686    557.259     1320.945 
  us10_round3  aes_sbox_2138              495    763.686    557.259     1320.945 
  us10_round2  aes_sbox_2154              495    763.686    557.259     1320.945 
  us10         aes_sbox_2170              495    763.686    557.259     1320.945 
  us03_round9  aes_sbox_2043              495    763.686    557.259     1320.945 
  us03_round8  aes_sbox_2059              495    763.686    557.259     1320.945 
  us03_round7  aes_sbox_2075              495    763.686    557.259     1320.945 
  us03_round6  aes_sbox_2091              495    763.686    557.259     1320.945 
  us03_round5  aes_sbox_2107              495    763.686    557.259     1320.945 
  us03_round4  aes_sbox_2123              495    763.686    557.259     1320.945 
  us03_round3  aes_sbox_2139              495    763.686    557.259     1320.945 
  us03_round2  aes_sbox_2155              495    763.686    557.259     1320.945 
  us03         aes_sbox_2171              495    763.686    557.259     1320.945 
  us02_round9  aes_sbox_2044              495    763.686    557.259     1320.945 
  us02_round8  aes_sbox_2060              495    763.686    557.259     1320.945 
  us02_round7  aes_sbox_2076              495    763.686    557.259     1320.945 
  us02_round6  aes_sbox_2092              495    763.686    557.259     1320.945 
  us02_round5  aes_sbox_2108              495    763.686    557.259     1320.945 
  us02_round4  aes_sbox_2124              495    763.686    557.259     1320.945 
  us02_round3  aes_sbox_2140              495    763.686    557.259     1320.945 
  us02_round2  aes_sbox_2156              495    763.686    557.259     1320.945 
  us02         aes_sbox_2172              495    763.686    557.259     1320.945 
  us01_round9  aes_sbox_2045              495    763.686    557.259     1320.945 
  us01_round8  aes_sbox_2061              495    763.686    557.259     1320.945 
  us01_round7  aes_sbox_2077              495    763.686    557.259     1320.945 
  us01_round6  aes_sbox_2093              495    763.686    557.259     1320.945 
  us01_round5  aes_sbox_2109              495    763.686    557.259     1320.945 
  us01_round4  aes_sbox_2125              495    763.686    557.259     1320.945 
  us01_round3  aes_sbox_2141              495    763.686    557.259     1320.945 
  us01_round2  aes_sbox_2157              495    763.686    557.259     1320.945 
  us01         aes_sbox_2173              495    763.686    557.259     1320.945 
  us00_round9  aes_sbox_2046              495    763.686    557.259     1320.945 
  us00_round8  aes_sbox_2062              495    763.686    557.259     1320.945 
  us00_round7  aes_sbox_2078              495    763.686    557.259     1320.945 
  us00_round6  aes_sbox_2094              495    763.686    557.259     1320.945 
  us00_round5  aes_sbox_2110              495    763.686    557.259     1320.945 
  us00_round4  aes_sbox_2126              495    763.686    557.259     1320.945 
  us00_round3  aes_sbox_2142              495    763.686    557.259     1320.945 
  us00_round2  aes_sbox_2158              495    763.686    557.259     1320.945 
  us00         aes_sbox_2174              495    763.686    557.259     1320.945 
  us33_round10 aes_sbox_2015              494    764.712    555.347     1320.059 
  us32_round10 aes_sbox_2016              494    764.712    555.347     1320.059 
  us31_round10 aes_sbox_2017              494    764.712    555.347     1320.059 
  us30_round10 aes_sbox_2018              494    764.712    555.347     1320.059 
  us23_round10 aes_sbox_2019              494    764.712    555.347     1320.059 
  us22_round10 aes_sbox_2020              494    764.712    555.347     1320.059 
  us21_round10 aes_sbox_2021              494    764.712    555.347     1320.059 
  us20_round10 aes_sbox_2022              494    764.712    555.347     1320.059 
  us13_round10 aes_sbox_2023              494    764.712    555.347     1320.059 
  us12_round10 aes_sbox_2024              494    764.712    555.347     1320.059 
  us11_round10 aes_sbox_2025              494    764.712    555.347     1320.059 
  us10_round10 aes_sbox_2026              494    764.712    555.347     1320.059 
  us03_round10 aes_sbox_2027              494    764.712    555.347     1320.059 
  us02_round10 aes_sbox_2028              494    764.712    555.347     1320.059 
  us01_round10 aes_sbox_2029              494    764.712    555.347     1320.059 
  us00_round10 aes_sbox_2030              494    764.712    555.347     1320.059 
