============================================================
  Generated by:           Genus(TM) Synthesis Solution 17.21-s010_1
  Generated on:           Dec 30 2023  01:21:00 pm
  Module:                 aes_cipher_top
  Operating conditions:   slow 
  Interconnect mode:      global
  Area mode:              physical library
============================================================

                                   Leakage  
   Gate    Instances     Area    Power (nW)    Library   
---------------------------------------------------------
AND2X1          1632    2790.720     91.366    gpdk045bc 
AND3XL           401     822.852     26.281    gpdk045bc 
AND4XL          2512    6013.728    212.912    gpdk045bc 
AO21X1          1299    3109.806     97.100    gpdk045bc 
AO22XL             1       2.736      0.065    gpdk045bc 
AOI211XL        5586   11462.472    316.464    gpdk045bc 
AOI21XL         4637    7929.270    191.137    gpdk045bc 
AOI2BB1X1        182     373.464     15.673    gpdk045bc 
BUFX2             19      32.490      1.620    gpdk045bc 
DFFQXL           933    5105.376    173.002    gpdk045bc 
INVX1           9405    6433.020    312.340    gpdk045bc 
INVX16            10      54.720      5.342    gpdk045bc 
INVX2            535     548.910     35.550    gpdk045bc 
INVXL             18      12.312      0.344    gpdk045bc 
MXI2XL             3       7.182      0.198    gpdk045bc 
NAND2BX1        1388    1898.784    117.720    gpdk045bc 
NAND2BX2         598    1227.096     90.216    gpdk045bc 
NAND2X1        19358   19861.308   1277.899    gpdk045bc 
NAND2X2         1123    1920.330    148.334    gpdk045bc 
NAND3BX1         199     408.348     23.312    gpdk045bc 
NAND3BXL        2521    4310.910    190.797    gpdk045bc 
NAND3X1          178     304.380     17.498    gpdk045bc 
NAND3XL           61     104.310      3.470    gpdk045bc 
NAND4BBXL        890    2739.420    100.549    gpdk045bc 
NAND4BX1        2790    6679.260    415.624    gpdk045bc 
NAND4BXL         290     694.260     27.295    gpdk045bc 
NAND4X1         3728    7649.856    485.028    gpdk045bc 
NAND4XL          603    1237.356     45.429    gpdk045bc 
NOR2BX1          574     981.540     38.942    gpdk045bc 
NOR2BX2          151     413.136     17.583    gpdk045bc 
NOR2BXL           40      68.400      1.848    gpdk045bc 
NOR2X1           397     543.096     19.292    gpdk045bc 
NOR2X2          2127    4364.604    206.715    gpdk045bc 
NOR2XL         17847   18311.022    481.833    gpdk045bc 
NOR3BX1          974    1998.648     80.911    gpdk045bc 
NOR3BX2          144     492.480     21.165    gpdk045bc 
NOR3BXL          219     449.388     11.824    gpdk045bc 
NOR3X1           511     873.810     32.625    gpdk045bc 
NOR3X2           144     393.984     18.387    gpdk045bc 
NOR3XL           114     194.940      3.967    gpdk045bc 
NOR4BBX1         732    2253.096     85.973    gpdk045bc 
NOR4BX1          410    1261.980     40.319    gpdk045bc 
NOR4BXL           40     123.120      2.470    gpdk045bc 
NOR4X1           509    1218.546     40.254    gpdk045bc 
NOR4XL          5098   10461.096    216.945    gpdk045bc 
OA21X1          2551    6107.094    179.970    gpdk045bc 
OAI211X1        2433    4992.516    276.192    gpdk045bc 
OAI211XL         623    1278.396     40.279    gpdk045bc 
OAI21XL         2971    5080.410    136.434    gpdk045bc 
OAI2BB1X1        221     453.492     19.587    gpdk045bc 
OR2X1            230     393.300     16.309    gpdk045bc 
OR2XL             19      32.490      1.079    gpdk045bc 
OR3X1              1       2.052      0.090    gpdk045bc 
OR4X1            717    1716.498     77.834    gpdk045bc 
SDFFQX1          608    4574.592    148.879    gpdk045bc 
XNOR2X1         2851    8775.378    357.701    gpdk045bc 
XOR2X1          4245   13066.110    534.157    gpdk045bc 
---------------------------------------------------------
total         108401  184609.890   7532.128              


                                             Leakage  Leakage 
     Type      Instances    Area    Area % Power (nW) Power % 
--------------------------------------------------------------
sequential          1541   9679.968    5.2    321.881     4.3 
inverter            9968   7048.962    3.8    353.576     4.7 
buffer                19     32.490    0.0      1.620     0.0 
logic              96873 167848.470   90.9   6855.051    91.0 
physical_cells         0      0.000    0.0      0.000     0.0 
--------------------------------------------------------------
total             108401 184609.890  100.0   7532.128   100.0 

